Exception in thread "AWT-EventQueue-0" org.omg.CORBA.BAD_PARAM:   vmcid: 0x0  minor code: 0  completed: No
	at corbaObjects.letstalk.UserFacetHelper.narrow(UserFacetHelper.java:60)
	at inf.puc_rio.letstalk.LetsTalk.connect(LetsTalk.java:493)
	at inf.puc_rio.letstalk.Connect.actionPerformed(Connect.java:24)
	at javax.swing.AbstractButton.fireActionPerformed(AbstractButton.java:1849)
	at javax.swing.AbstractButton$Handler.actionPerformed(AbstractButton.java:2169)
	at javax.swing.DefaultButtonModel.fireActionPerformed(DefaultButtonModel.java:420)
	at javax.swing.DefaultButtonModel.setPressed(DefaultButtonModel.java:258)
	at javax.swing.plaf.basic.BasicButtonListener$Actions.actionPerformed(BasicButtonListener.java:285)
	at javax.swing.SwingUtilities.notifyAction(SwingUtilities.java:1571)
	at javax.swing.JComponent.processKeyBinding(JComponent.java:2730)
	at javax.swing.JComponent.processKeyBindings(JComponent.java:2765)
	at javax.swing.JComponent.processKeyEvent(JComponent.java:2693)
	at java.awt.Component.processEvent(Component.java:5265)
	at java.awt.Container.processEvent(Container.java:1966)
	at java.awt.Component.dispatchEventImpl(Component.java:3955)
	at java.awt.Container.dispatchEventImpl(Container.java:2024)
	at java.awt.Component.dispatchEvent(Component.java:3803)
	at java.awt.KeyboardFocusManager.redispatchEvent(KeyboardFocusManager.java:1810)
	at java.awt.DefaultKeyboardFocusManager.dispatchKeyEvent(DefaultKeyboardFocusManager.java:668)
	at java.awt.DefaultKeyboardFocusManager.preDispatchKeyEvent(DefaultKeyboardFocusManager.java:916)
	at java.awt.DefaultKeyboardFocusManager.typeAheadAssertions(DefaultKeyboardFocusManager.java:794)
	at java.awt.DefaultKeyboardFocusManager.dispatchEvent(DefaultKeyboardFocusManager.java:632)
	at java.awt.Component.dispatchEventImpl(Component.java:3841)
	at java.awt.Container.dispatchEventImpl(Container.java:2024)
	at java.awt.Window.dispatchEventImpl(Window.java:1766)
	at java.awt.Component.dispatchEvent(Component.java:3803)
	at java.awt.EventQueue.dispatchEvent(EventQueue.java:463)
	at java.awt.EventDispatchThread.pumpOneEventForHierarchy(EventDispatchThread.java:234)
	at java.awt.EventDispatchThread.pumpEventsForHierarchy(EventDispatchThread.java:163)
	at java.awt.EventDispatchThread.pumpEvents(EventDispatchThread.java:157)
	at java.awt.EventDispatchThread.pumpEvents(EventDispatchThread.java:149)
	at java.awt.EventDispatchThread.run(EventDispatchThread.java:110)
